Change Component Designator: Old Designator=C? New Designator=C96
Change Component Designator: Old Designator=C? New Designator=C97
Change Component Designator: Old Designator=C? New Designator=C102
Change Component Designator: Old Designator=C? New Designator=C103
Change Component Designator: Old Designator=C?? New Designator=C95
Change Component Designator: Old Designator=C?? New Designator=C98
Change Component Designator: Old Designator=C?? New Designator=C99
Change Component Designator: Old Designator=C?? New Designator=C100
Change Component Designator: Old Designator=C?? New Designator=C101
Change Component Designator: Old Designator=C?? New Designator=C104
Change Component Designator: Old Designator=R? New Designator=R47
Change Component Designator: Old Designator=R? New Designator=R48
Change Component Designator: Old Designator=R? New Designator=R49
Change Component Designator: Old Designator=R? New Designator=R51
Change Component Designator: Old Designator=R? New Designator=R52
Change Component Designator: Old Designator=R? New Designator=R53
Change Component Designator: Old Designator=R? New Designator=R54
Change Component Designator: Old Designator=R?? New Designator=R46
Change Component Designator: Old Designator=R?? New Designator=R50
Change Component Designator: Old Designator=U?? New Designator=U6
Change Component Designator: Old Designator=U?? New Designator=U6
Change Component Designator: Old Designator=U?? New Designator=U6
Change Component Designator: Old Designator=U?? New Designator=U6
Change Component Designator: Old Designator=U?? New Designator=U6
Change Component Designator: Old Designator=U?? New Designator=U6
