Change Component Designator: OldDesignator=  NewDesignator=R86
Added Member To Class: ClassName=MX6ULL_DDR Member=Component C52 0.22uF
Added Member To Class: ClassName=MX6ULL_DDR Member=Component C53 0.22uF
Added Member To Class: ClassName=MX6ULL_DDR Member=Component C54 0.22uF
Added Member To Class: ClassName=MX6ULL_DDR Member=Component C55 0.22uF
Added Member To Class: ClassName=MX6ULL_DDR Member=Component C56 0.22uF
Added Member To Class: ClassName=MX6ULL_DDR Member=Component C57 0.22uF
Added Member To Class: ClassName=MX6ULL_DDR Member=Component C58 22uF
Added Member To Class: ClassName=MX6ULL_DDR Member=Component C59 0.22uF
Added Member To Class: ClassName=MX6ULL_DDR Member=Component C60 0.22uF
Added Member To Class: ClassName=MX6ULL_DDR Member=Component C61 0.22uF
Added Member To Class: ClassName=MX6ULL_DDR Member=Component C62 0.22uF
Added Member To Class: ClassName=MX6ULL_DDR Member=Component C63 0.22uF
Added Member To Class: ClassName=MX6ULL_DDR Member=Component C64 0.22uF
Added Member To Class: ClassName=MX6ULL_DDR Member=Component C65 100nF
Added Member To Class: ClassName=MX6ULL_DDR Member=Component C66 22uF
Added Member To Class: ClassName=MX6ULL_DDR Member=Component C67 100nF
Added Member To Class: ClassName=MX6ULL_DDR Member=Component C68 22uF
Added Member To Class: ClassName=MX6ULL_DDR Member=Component C69 0.22uF
Added Member To Class: ClassName=MX6ULL_DDR Member=Component C70 0.22uF
Added Member To Class: ClassName=MX6ULL_DDR Member=Component C71 0.22uF
Added Member To Class: ClassName=MX6ULL_DDR Member=Component C72 0.22uF
Added Member To Class: ClassName=MX6ULL_DDR Member=Component C73 0.22uF
Added Member To Class: ClassName=MX6ULL_DDR Member=Component C74 0.22uF
Added Member To Class: ClassName=MX6ULL_DDR Member=Component C75 0.22uF
Added Member To Class: ClassName=MX6ULL_DDR Member=Component C76 0.22uF
Added Member To Class: ClassName=MX6ULL_DDR Member=Component C77 0.22uF
Added Member To Class: ClassName=MX6ULL_DDR Member=Component C78 0.22uF
Added Member To Class: ClassName=MX6ULL_DDR Member=Component C79 0.22uF
Added Member To Class: ClassName=MX6ULL_DDR Member=Component R28 250R
Added Member To Class: ClassName=MX6ULL_DDR Member=Component R29 10K
Added Member To Class: ClassName=MX6ULL_DDR Member=Component R30 240R
Added Member To Class: ClassName=MX6ULL_DDR Member=Component R31 240R
Added Member To Class: ClassName=MX6ULL_DDR Member=Component R32 240R
Added Member To Class: ClassName=MX6ULL_DDR Member=Component R33 10K
Added Member To Class: ClassName=MX6ULL_DDR Member=Component R34 10K
Added Member To Class: ClassName=MX6ULL_DDR Member=Component R35 10K
Added Member To Class: ClassName=MX6ULL_DDR Member=Component R86 10K
Added Member To Class: ClassName=MX6ULL_DDR Member=Component U7 NT5CC256M16EP-EK
